[    0.000000] Initializing cgroup subsys cpuset
[    0.000000] Initializing cgroup subsys cpu
[    0.000000] Initializing cgroup subsys cpuacct
[    0.000000] Linux version 4.4.0-210-generic (buildd@lgw01-amd64-009) (gcc version 5.4.0 20160609 (Ubuntu 5.4.0-6ubuntu1~16.04.12) ) #242-Ubuntu SMP Fri Apr 16 09:57:56 UTC 2021 (Ubuntu 4.4.0-210.242-generic 4.4.262)
[    0.000000] Command line: BOOT_IMAGE=/boot/vmlinuz-4.4.0-210-generic root=LABEL=cloudimg-rootfs ro console=tty1 console=ttyS0
[    0.000000] KERNEL supported cpus:
[    0.000000]   Intel GenuineIntel
[    0.000000]   AMD AuthenticAMD
[    0.000000]   Centaur CentaurHauls
[    0.000000] [Firmware Bug]: TSC doesn't count with P0 frequency!
[    0.000000] x86/fpu: xstate_offset[2]:  576, xstate_sizes[2]:  256
[    0.000000] x86/fpu: Supporting XSAVE feature 0x01: 'x87 floating point registers'
[    0.000000] x86/fpu: Supporting XSAVE feature 0x02: 'SSE registers'
[    0.000000] x86/fpu: Supporting XSAVE feature 0x04: 'AVX registers'
[    0.000000] x86/fpu: Enabled xstate features 0x7, context size is 832 bytes, using 'standard' format.
[    0.000000] e820: BIOS-provided physical RAM map:
[    0.000000] BIOS-e820: [mem 0x0000000000000000-0x000000000009fbff] usable
[    0.000000] BIOS-e820: [mem 0x000000000009fc00-0x000000000009ffff] reserved
[    0.000000] BIOS-e820: [mem 0x00000000000f0000-0x00000000000fffff] reserved
[    0.000000] BIOS-e820: [mem 0x0000000000100000-0x000000003ffeffff] usable
[    0.000000] BIOS-e820: [mem 0x000000003fff0000-0x000000003fffffff] ACPI data
[    0.000000] BIOS-e820: [mem 0x00000000fec00000-0x00000000fec00fff] reserved
[    0.000000] BIOS-e820: [mem 0x00000000fee00000-0x00000000fee00fff] reserved
[    0.000000] BIOS-e820: [mem 0x00000000fffc0000-0x00000000ffffffff] reserved
[    0.000000] NX (Execute Disable) protection: active
[    0.000000] SMBIOS 2.5 present.
[    0.000000] Hypervisor detected: KVM
[    0.000000] Kernel/User page tables isolation: disabled
[    0.000000] e820: last_pfn = 0x3fff0 max_arch_pfn = 0x400000000
[    0.000000] MTRR: Disabled
[    0.000000] x86/PAT: MTRRs disabled, skipping PAT initialization too.
[    0.000000] CPU MTRRs all blank - virtualized system.
[    0.000000] x86/PAT: Configuration [0-7]: WB  WT  UC- UC  WB  WT  UC- UC  
[    0.000000] found SMP MP-table at [mem 0x0009fff0-0x0009ffff] mapped at [ffff88000009fff0]
[    0.000000] Scanning 1 areas for low memory corruption
[    0.000000] RAMDISK: [mem 0x362dc000-0x37165fff]
[    0.000000] ACPI: Early table checksum verification disabled
[    0.000000] ACPI: RSDP 0x00000000000E0000 000024 (v02 VBOX  )
[    0.000000] ACPI: XSDT 0x000000003FFF0030 00003C (v01 VBOX   VBOXXSDT 00000001 ASL  00000061)
[    0.000000] ACPI: FACP 0x000000003FFF00F0 0000F4 (v04 VBOX   VBOXFACP 00000001 ASL  00000061)
[    0.000000] ACPI: DSDT 0x000000003FFF0610 002353 (v02 VBOX   VBOXBIOS 00000002 INTL 20100528)
[    0.000000] ACPI: FACS 0x000000003FFF0200 000040
[    0.000000] ACPI: FACS 0x000000003FFF0200 000040
[    0.000000] ACPI: APIC 0x000000003FFF0240 00005C (v02 VBOX   VBOXAPIC 00000001 ASL  00000061)
[    0.000000] ACPI: SSDT 0x000000003FFF02A0 00036C (v01 VBOX   VBOXCPUT 00000002 INTL 20100528)
[    0.000000] No NUMA configuration found
[    0.000000] Faking a node at [mem 0x0000000000000000-0x000000003ffeffff]
[    0.000000] NODE_DATA(0) allocated [mem 0x3ffeb000-0x3ffeffff]
[    0.000000] kvm-clock: Using msrs 4b564d01 and 4b564d00
[    0.000000] kvm-clock: cpu 0, msr 0:3ffe3001, primary cpu clock
[    0.000000] kvm-clock: using sched offset of 2828334712 cycles
[    0.000000] clocksource: kvm-clock: mask: 0xffffffffffffffff max_cycles: 0x1cd42e4dffb, max_idle_ns: 881590591483 ns
[    0.000000] Zone ranges:
[    0.000000]   DMA      [mem 0x0000000000001000-0x0000000000ffffff]
[    0.000000]   DMA32    [mem 0x0000000001000000-0x000000003ffeffff]
[    0.000000]   Normal   empty
[    0.000000]   Device   empty
[    0.000000] Movable zone start for each node
[    0.000000] Early memory node ranges
[    0.000000]   node   0: [mem 0x0000000000001000-0x000000000009efff]
[    0.000000]   node   0: [mem 0x0000000000100000-0x000000003ffeffff]
[    0.000000] Initmem setup node 0 [mem 0x0000000000001000-0x000000003ffeffff]
[    0.000000] ACPI: PM-Timer IO Port: 0x4008
[    0.000000] IOAPIC[0]: apic_id 2, version 32, address 0xfec00000, GSI 0-23
[    0.000000] ACPI: INT_SRC_OVR (bus 0 bus_irq 0 global_irq 2 dfl dfl)
[    0.000000] ACPI: INT_SRC_OVR (bus 0 bus_irq 9 global_irq 9 low level)
[    0.000000] Using ACPI (MADT) for SMP configuration information
[    0.000000] smpboot: Allowing 2 CPUs, 0 hotplug CPUs
[    0.000000] PM: Registered nosave memory: [mem 0x00000000-0x00000fff]
[    0.000000] PM: Registered nosave memory: [mem 0x0009f000-0x0009ffff]
[    0.000000] PM: Registered nosave memory: [mem 0x000a0000-0x000effff]
[    0.000000] PM: Registered nosave memory: [mem 0x000f0000-0x000fffff]
[    0.000000] e820: [mem 0x40000000-0xfebfffff] available for PCI devices
[    0.000000] Booting paravirtualized kernel on KVM
[    0.000000] clocksource: refined-jiffies: mask: 0xffffffff max_cycles: 0xffffffff, max_idle_ns: 7645519600211568 ns
[    0.000000] setup_percpu: NR_CPUS:512 nr_cpumask_bits:512 nr_cpu_ids:2 nr_node_ids:1
[    0.000000] PERCPU: Embedded 33 pages/cpu @ffff88003fc00000 s95192 r8192 d31784 u1048576
[    0.000000] Built 1 zonelists in Node order, mobility grouping on.  Total pages: 257912
[    0.000000] Policy zone: DMA32
[    0.000000] Kernel command line: BOOT_IMAGE=/boot/vmlinuz-4.4.0-210-generic root=LABEL=cloudimg-rootfs ro console=tty1 console=ttyS0
[    0.000000] PID hash table entries: 4096 (order: 3, 32768 bytes)
[    0.000000] Memory: 997792K/1048120K available (8644K kernel code, 1332K rwdata, 4044K rodata, 1492K init, 1164K bss, 50328K reserved, 0K cma-reserved)
[    0.000000] SLUB: HWalign=64, Order=0-3, MinObjects=0, CPUs=2, Nodes=1
[    0.000000] Hierarchical RCU implementation.
[    0.000000] 	Build-time adjustment of leaf fanout to 64.
[    0.000000] 	RCU restricting CPUs from NR_CPUS=512 to nr_cpu_ids=2.
[    0.000000] RCU: Adjusting geometry for rcu_fanout_leaf=64, nr_cpu_ids=2
[    0.000000] NR_IRQS:33024 nr_irqs:440 16
[    0.000000] Console: colour VGA+ 80x25
[    0.000000] console [tty1] enabled
[    0.000000] console [ttyS0] enabled
[    0.000000] tsc: Detected 3892.684 MHz processor
[    0.088760] Calibrating delay loop (skipped) preset value.. 7785.36 BogoMIPS (lpj=15570736)
[    0.089825] pid_max: default: 32768 minimum: 301
[    0.090398] ACPI: Core revision 20150930
[    0.091551] ACPI: 2 ACPI AML tables successfully acquired and loaded
[    0.092367] Security Framework initialized
[    0.092887] Yama: becoming mindful.
[    0.093360] AppArmor: AppArmor initialized
[    0.093919] Dentry cache hash table entries: 131072 (order: 8, 1048576 bytes)
[    0.094796] Inode-cache hash table entries: 65536 (order: 7, 524288 bytes)
[    0.096203] Mount-cache hash table entries: 2048 (order: 2, 16384 bytes)
[    0.096965] Mountpoint-cache hash table entries: 2048 (order: 2, 16384 bytes)
[    0.097856] Initializing cgroup subsys io
[    0.098373] Initializing cgroup subsys memory
[    0.098922] Initializing cgroup subsys devices
[    0.099476] Initializing cgroup subsys freezer
[    0.100031] Initializing cgroup subsys net_cls
[    0.100586] Initializing cgroup subsys perf_event
[    0.101181] Initializing cgroup subsys net_prio
[    0.101743] Initializing cgroup subsys hugetlb
[    0.102297] Initializing cgroup subsys pids
[    0.109986] mce: CPU supports 0 MCE banks
[    0.110506] Last level iTLB entries: 4KB 512, 2MB 512, 4MB 256
[    0.111177] Last level dTLB entries: 4KB 2048, 2MB 2048, 4MB 1024, 1GB 0
[    0.111927] Spectre V1 : Mitigation: usercopy/swapgs barriers and __user pointer sanitization
[    0.112956] Spectre V2 : Spectre mitigation: LFENCE not serializing, switching to generic retpoline
[    0.114033] Spectre V2 : Mitigation: Full generic retpoline
[    0.114682] Spectre V2 : Spectre v2 / SpectreRSB mitigation: Filling RSB on context switch
[    0.117424] Freeing SMP alternatives memory: 36K
[    0.122155] ftrace: allocating 32380 entries in 127 pages
[    0.158899] smpboot: APIC(0) Converting physical 0 to logical package 0
[    0.159665] smpboot: Max logical packages: 1
[    0.160386] x2apic enabled
[    0.160964] Switched APIC routing to physical x2apic.
[    0.162391] ..TIMER: vector=0x30 apic1=0 pin1=2 apic2=-1 pin2=-1
[    0.271128] APIC calibration not consistent with PM-Timer: 109ms instead of 100ms
[    0.272100] APIC delta adjusted to PM-Timer: 6338473 (6932738)
[    0.272836] smpboot: CPU0: AMD Ryzen 5 5600G with Radeon Graphics (family: 0x19, model: 0x50, stepping: 0x0)
[    0.274137] Performance Events: Broken PMU hardware detected, using software events only.
[    0.275206] Failed to access perfctr msr (MSR c0010007 is 0)
[    0.280449] KVM setup paravirtual spinlock
[    0.281531] x86: Booting SMP configuration:
[    0.282083] .... node  #0, CPUs:      #1
[    0.282662] kvm-clock: cpu 1, msr 0:3ffe3041, secondary cpu clock
[    0.288080] mce: CPU supports 0 MCE banks
[    0.290472] x86: Booted up 1 node, 2 CPUs
[    0.291138] smpboot: Total of 2 processors activated (15570.73 BogoMIPS)
[    0.292178] devtmpfs: initialized
[    0.293521] evm: security.selinux
[    0.294169] evm: security.SMACK64
[    0.294730] evm: security.SMACK64EXEC
[    0.295222] evm: security.SMACK64TRANSMUTE
[    0.295752] evm: security.SMACK64MMAP
[    0.296253] evm: security.ima
[    0.296691] evm: security.capability
[    0.297914] clocksource: jiffies: mask: 0xffffffff max_cycles: 0xffffffff, max_idle_ns: 7645041785100000 ns
[    0.299083] futex hash table entries: 512 (order: 3, 32768 bytes)
[    0.299865] pinctrl core: initialized pinctrl subsystem
[    0.300563] RTC time: 17:25:15, date: 07/24/23
[    0.301322] NET: Registered protocol family 16
[    0.310854] cpuidle: using governor ladder
[    0.321996] cpuidle: using governor menu
[    0.322634] PCCT header not found.
[    0.323294] ACPI: bus type PCI registered
[    0.323803] acpiphp: ACPI Hot Plug PCI Controller Driver version: 0.5
[    0.324610] PCI: Using configuration type 1 for base access
[    0.325275] PCI: Using configuration type 1 for extended access
[    0.339200] ACPI: Added _OSI(Module Device)
[    0.339807] ACPI: Added _OSI(Processor Device)
[    0.340407] ACPI: Added _OSI(3.0 _SCP Extensions)
[    0.341028] ACPI: Added _OSI(Processor Aggregator Device)
[    0.342049] ACPI: Executed 1 blocks of module-level executable AML code
[    0.343903] ACPI: Interpreter enabled
[    0.344426] ACPI: (supports S0 S5)
[    0.344933] ACPI: Using IOAPIC for interrupt routing
[    0.345820] PCI: Using host bridge windows from ACPI; if necessary, use "pci=nocrs" and report a bug
[    0.348838] ACPI: PCI Root Bridge [PCI0] (domain 0000 [bus 00-ff])
[    0.349590] acpi PNP0A03:00: _OSC: OS supports [ExtendedConfig ASPM ClockPM Segments MSI]
[    0.350931] acpi PNP0A03:00: _OSC: platform does not support [PCIeCapability]
[    0.351907] acpi PNP0A03:00: _OSC: not requesting control; platform does not support [PCIeCapability]
[    0.353037] acpi PNP0A03:00: _OSC: OS requested [PCIeHotplug PME AER PCIeCapability]
[    0.354012] acpi PNP0A03:00: _OSC: platform willing to grant [PCIeHotplug PME AER]
[    0.355003] acpi PNP0A03:00: _OSC failed (AE_SUPPORT); disabling ASPM
[    0.355933] PCI host bridge to bus 0000:00
[    0.362748] pci_bus 0000:00: root bus resource [io  0x0000-0x0cf7 window]
[    0.363530] pci_bus 0000:00: root bus resource [io  0x0d00-0xffff window]
[    0.364330] pci_bus 0000:00: root bus resource [mem 0x000a0000-0x000bffff window]
[    0.365317] pci_bus 0000:00: root bus resource [mem 0x40000000-0xfdffffff window]
[    0.366323] pci_bus 0000:00: root bus resource [bus 00-ff]
[    0.368144] pci 0000:00:01.1: legacy IDE quirk: reg 0x10: [io  0x01f0-0x01f7]
[    0.368971] pci 0000:00:01.1: legacy IDE quirk: reg 0x14: [io  0x03f6]
[    0.369736] pci 0000:00:01.1: legacy IDE quirk: reg 0x18: [io  0x0170-0x0177]
[    0.370570] pci 0000:00:01.1: legacy IDE quirk: reg 0x1c: [io  0x0376]
[    0.377233] pci 0000:00:07.0: quirk: [io  0x4000-0x403f] claimed by PIIX4 ACPI
[    0.378191] pci 0000:00:07.0: quirk: [io  0x4100-0x410f] claimed by PIIX4 SMB
[    0.382796] ACPI: PCI Interrupt Link [LNKA] (IRQs 5 9 10 *11)
[    0.383854] ACPI: PCI Interrupt Link [LNKB] (IRQs 5 9 *10 11)
[    0.384822] ACPI: PCI Interrupt Link [LNKC] (IRQs 5 *9 10 11)
[    0.385788] ACPI: PCI Interrupt Link [LNKD] (IRQs 5 9 10 *11)
[    0.386810] ACPI: Enabled 2 GPEs in block 00 to 07
[    0.387686] vgaarb: setting as boot device: PCI:0000:00:02.0
[    0.388515] vgaarb: device added: PCI:0000:00:02.0,decodes=io+mem,owns=io+mem,locks=none
[    0.389637] vgaarb: loaded
[    0.390039] vgaarb: bridge control possible 0000:00:02.0
[    0.390808] SCSI subsystem initialized
[    0.391399] ACPI: bus type USB registered
[    0.392043] usbcore: registered new interface driver usbfs
[    0.392692] usbcore: registered new interface driver hub
[    0.393319] usbcore: registered new device driver usb
[    0.394075] PCI: Using ACPI for IRQ routing
[    0.394827] NetLabel: Initializing
[    0.395302] NetLabel:  domain hash size = 128
[    0.395859] NetLabel:  protocols = UNLABELED CIPSOv4
[    0.396475] NetLabel:  unlabeled traffic allowed by default
[    0.397207] amd_nb: Cannot enumerate AMD northbridges
[    0.397863] clocksource: Switched to clocksource kvm-clock
[    0.402686] AppArmor: AppArmor Filesystem Enabled
[    0.403413] pnp: PnP ACPI init
[    0.404390] pnp: PnP ACPI: found 3 devices
[    0.411470] clocksource: acpi_pm: mask: 0xffffff max_cycles: 0xffffff, max_idle_ns: 2085701024 ns
[    0.412601] NET: Registered protocol family 2
[    0.413336] TCP established hash table entries: 8192 (order: 4, 65536 bytes)
[    0.414162] TCP bind hash table entries: 8192 (order: 5, 131072 bytes)
[    0.414918] TCP: Hash tables configured (established 8192 bind 8192)
[    0.415679] UDP hash table entries: 512 (order: 2, 16384 bytes)
[    0.416380] UDP-Lite hash table entries: 512 (order: 2, 16384 bytes)
[    0.417147] NET: Registered protocol family 1
[    0.417717] pci 0000:00:00.0: Limiting direct PCI/PCI transfers
[    0.418423] pci 0000:00:01.0: Activating ISA DMA hang workarounds
[    0.419849] Unpacking initramfs...
[    0.548118] Freeing initrd memory: 14888K
[    0.548739] clocksource: tsc: mask: 0xffffffffffffffff max_cycles: 0x7038b5c86cb, max_idle_ns: 881590801795 ns
[    0.549919] platform rtc_cmos: registered platform RTC device (no PNP device found)
[    0.550901] Scanning for low memory corruption every 60 seconds
[    0.552071] audit: initializing netlink subsys (disabled)
[    0.552753] audit: type=2000 audit(1690219519.473:1): initialized
[    0.553612] Initialise system trusted keyring
[    0.554266] HugeTLB registered 2 MB page size, pre-allocated 0 pages
[    0.555597] zbud: loaded
[    0.556170] VFS: Disk quotas dquot_6.6.0
[    0.556709] VFS: Dquot-cache hash table entries: 512 (order 0, 4096 bytes)
[    0.557602] squashfs: version 4.0 (2009/01/31) Phillip Lougher
[    0.559028] fuse init (API version 7.23)
[    0.559770] Key type big_key registered
[    0.560357] Allocating IMA MOK and blacklist keyrings.
[    0.561536] Key type asymmetric registered
[    0.562084] Asymmetric key parser 'x509' registered
[    0.562804] Block layer SCSI generic (bsg) driver version 0.4 loaded (major 249)
[    0.563834] io scheduler noop registered
[    0.564432] io scheduler deadline registered (default)
[    0.565092] io scheduler cfq registered
[    0.565663] pci_hotplug: PCI Hot Plug PCI Core version: 0.5
[    0.566374] pciehp: PCI Express Hot Plug Controller Driver version: 0.4
[    0.567202] ACPI: AC Adapter [AC] (on-line)
[    0.567797] input: Power Button as /devices/LNXSYSTM:00/LNXPWRBN:00/input/input0
[    0.568762] ACPI: Power Button [PWRF]
[    0.569314] input: Sleep Button as /devices/LNXSYSTM:00/LNXSLPBN:00/input/input1
[    0.570489] ACPI: Sleep Button [SLPF]
[    0.571110] GHES: HEST is not enabled!
[    0.571720] Serial: 8250/16550 driver, 32 ports, IRQ sharing enabled
[    0.592817] 00:02: ttyS0 at I/O 0x3f8 (irq = 4, base_baud = 115200) is a 16550A
[    0.594972] Linux agpgart interface v0.103
[    0.596528] loop: module loaded
[    0.597309] scsi host0: ata_piix
[    0.597883] scsi host1: ata_piix
[    0.598359] ata1: PATA max UDMA/33 cmd 0x1f0 ctl 0x3f6 bmdma 0xd000 irq 14
[    0.599123] ata2: PATA max UDMA/33 cmd 0x170 ctl 0x376 bmdma 0xd008 irq 15
[    0.599938] libphy: Fixed MDIO Bus: probed
[    0.600482] tun: Universal TUN/TAP device driver, 1.6
[    0.601095] tun: (C) 1999-2004 Max Krasnyansky <maxk@qualcomm.com>
[    0.601858] PPP generic driver version 2.4.2
[    0.602463] ehci_hcd: USB 2.0 'Enhanced' Host Controller (EHCI) Driver
[    0.603218] ehci-pci: EHCI PCI platform driver
[    0.603800] ehci-platform: EHCI generic platform driver
[    0.604437] ohci_hcd: USB 1.1 'Open' Host Controller (OHCI) Driver
[    0.605156] ohci-pci: OHCI PCI platform driver
[    0.605726] ohci-platform: OHCI generic platform driver
[    0.606388] uhci_hcd: USB Universal Host Controller Interface driver
[    0.607172] i8042: PNP: PS/2 Controller [PNP0303:PS2K,PNP0f03:PS2M] at 0x60,0x64 irq 1,12
[    0.608699] serio: i8042 KBD port at 0x60,0x64 irq 1
[    0.609322] serio: i8042 AUX port at 0x60,0x64 irq 12
[    0.610045] mousedev: PS/2 mouse device common for all mice
[    0.611101] input: AT Translated Set 2 keyboard as /devices/platform/i8042/serio0/input/input2
[    0.612537] rtc_cmos rtc_cmos: rtc core: registered rtc_cmos as rtc0
[    0.613318] rtc_cmos rtc_cmos: alarms up to one day, 114 bytes nvram
[    0.614073] i2c /dev entries driver
[    0.614584] device-mapper: uevent: version 1.0.3
[    0.615218] device-mapper: ioctl: 4.34.0-ioctl (2015-10-28) initialised: dm-devel@redhat.com
[    0.616290] ledtrig-cpu: registered to indicate activity on CPUs
[    0.617236] NET: Registered protocol family 10
[    0.617955] NET: Registered protocol family 17
[    0.618621] Key type dns_resolver registered
[    0.619372] registered taskstats version 1
[    0.619924] Loading compiled-in X.509 certificates
[    0.620849] Loaded X.509 cert 'Build time autogenerated kernel key: cf00e047681d67edb2720680708b7d9498083038'
[    0.622053] zswap: loaded using pool lzo/zbud
[    0.623952] Key type trusted registered
[    0.626319] Key type encrypted registered
[    0.626873] AppArmor: AppArmor sha1 policy hashing enabled
[    0.627540] ima: No TPM chip found, activating TPM-bypass!
[    0.628221] ima: Allocated hash algorithm: sha1
[    0.628805] evm: HMAC attrs: 0x1
[    0.629461]   Magic number: 15:986:441
[    0.630047] rtc_cmos rtc_cmos: setting system clock to 2023-07-24 17:25:15 UTC (1690219515)
[    0.631969] BIOS EDD facility v0.16 2004-Jun-25, 0 devices found
[    0.632985] EDD information not available.
[    0.778246] Freeing unused kernel memory: 1492K
[    0.778950] Write protecting the kernel read-only data: 14336k
[    0.779918] Freeing unused kernel memory: 1584K
[    0.780556] Freeing unused kernel memory: 52K
Loading, please wait...
starting version 229
[    0.788774] random: udevadm: uninitialized urandom read (16 bytes read, 2 bits of entropy available)
[    0.789962] random: udevadm: uninitialized urandom read (16 bytes read, 2 bits of entropy available)
[    0.790192] random: systemd-udevd: uninitialized urandom read (16 bytes read, 2 bits of entropy available)
[    0.790232] random: systemd-udevd: uninitialized urandom read (16 bytes read, 2 bits of entropy available)
[    0.790240] random: systemd-udevd: uninitialized urandom read (16 bytes read, 2 bits of entropy available)
[    0.790249] random: systemd-udevd: uninitialized urandom read (16 bytes read, 2 bits of entropy available)
[    0.799528] random: systemd-udevd: uninitialized urandom read (16 bytes read, 2 bits of entropy available)
[    0.800942] random: systemd-udevd: uninitialized urandom read (16 bytes read, 2 bits of entropy available)
[    0.802120] random: systemd-udevd: uninitialized urandom read (16 bytes read, 2 bits of entropy available)
[    0.803481] random: systemd-udevd: uninitialized urandom read (16 bytes read, 2 bits of entropy available)
[    0.824166] e1000: Intel(R) PRO/1000 Network Driver - version 7.3.21-k8-NAPI
[    0.824986] e1000: Copyright (c) 1999-2006 Intel Corporation.
[    0.829650] Fusion MPT base driver 3.04.20
[    0.830211] Copyright (c) 1999-2008 LSI Corporation
[    0.834112] Fusion MPT SPI Host driver 3.04.20
[    0.836130] AVX2 version of gcm_enc/dec engaged.
[    0.836729] AES CTR mode by8 optimization enabled
[    1.044167] input: ImExPS/2 Generic Explorer Mouse as /devices/platform/i8042/serio1/input/input4
[    1.185082] e1000 0000:00:03.0 eth0: (PCI:33MHz:32-bit) 02:be:82:6b:cc:1d
[    1.185900] e1000 0000:00:03.0 eth0: Intel(R) PRO/1000 Network Connection
[    1.187111] mptbase: ioc0: Initiating bringup
[    1.686496] ioc0: LSI53C1030 A0: Capabilities={Initiator}
[    1.847078] scsi host2: ioc0: LSI53C1030 A0, FwRev=00000000h, Ports=1, MaxQ=256, IRQ=20
[    2.883270] scsi 2:0:0:0: Direct-Access     VBOX     HARDDISK         1.0  PQ: 0 ANSI: 5
[    2.884900] scsi target2:0:0: Beginning Domain Validation
[    2.895119] scsi target2:0:0: Domain Validation skipping write tests
[    2.895997] scsi target2:0:0: Ending Domain Validation
[    2.896653] scsi target2:0:0: asynchronous
[    2.897483] scsi 2:0:1:0: Direct-Access     VBOX     HARDDISK         1.0  PQ: 0 ANSI: 5
[    2.898535] scsi target2:0:1: Beginning Domain Validation
[    2.899644] scsi target2:0:1: Domain Validation skipping write tests
[    2.900376] scsi target2:0:1: Ending Domain Validation
[    2.901029] scsi target2:0:1: asynchronous
[    2.904535] sd 2:0:0:0: Attached scsi generic sg0 type 0
[    2.904649] sd 2:0:0:0: [sda] 83886080 512-byte logical blocks: (42.9 GB/40.0 GiB)
[    2.904708] sd 2:0:0:0: [sda] Write Protect is off
[    2.904748] sd 2:0:0:0: [sda] Incomplete mode parameter data
[    2.904749] sd 2:0:0:0: [sda] Assuming drive cache: write through
[    2.908444] sd 2:0:1:0: Attached scsi generic sg1 type 0
[    2.908528] sd 2:0:1:0: [sdb] 20480 512-byte logical blocks: (10.5 MB/10.0 MiB)
[    2.908599] sd 2:0:1:0: [sdb] Write Protect is off
[    2.908643] sd 2:0:1:0: [sdb] Incomplete mode parameter data
[    2.908644] sd 2:0:1:0: [sdb] Assuming drive cache: write through
[    2.917104]  sda: sda1
[    2.917996] sd 2:0:0:0: [sda] Attached SCSI disk
[    2.918868] sd 2:0:1:0: [sdb] Attached SCSI disk
[    3.213006] e1000 0000:00:08.0 eth1: (PCI:33MHz:32-bit) 08:00:27:fb:ef:47
[    3.213808] e1000 0000:00:08.0 eth1: Intel(R) PRO/1000 Network Connection
[    3.215218] e1000 0000:00:03.0 enp0s3: renamed from eth0
[    3.230464] e1000 0000:00:08.0 enp0s8: renamed from eth1
Begin: Loading essential drivers ... [    4.477294] md: linear personality registered for level -1
[    4.479390] md: multipath personality registered for level -4
[    4.481087] md: raid0 personality registered for level 0
[    4.483323] md: raid1 personality registered for level 1
[    4.550031] raid6: sse2x1   gen()  8409 MB/s
[    4.618088] raid6: sse2x1   xor() 13626 MB/s
[    4.686162] raid6: sse2x2   gen() 15825 MB/s
[    4.754220] raid6: sse2x2   xor() 17935 MB/s
[    4.822269] raid6: sse2x4   gen() 22325 MB/s
[    4.890308] raid6: sse2x4   xor() 12952 MB/s
[    4.957905] raid6: avx2x1   gen() 18437 MB/s
[    5.025875] raid6: avx2x2   gen() 33291 MB/s
[    5.093926] raid6: avx2x4   gen() 37458 MB/s
[    5.094485] raid6: using algorithm avx2x4 gen() 37458 MB/s
[    5.095129] raid6: using avx2x2 recovery algorithm
[    5.096315] xor: automatically using best checksumming function:
[    5.134051]    avx       : 19392.000 MB/sec
[    5.135194] async_tx: api initialized (async)
[    5.139884] md: raid6 personality registered for level 6
[    5.140665] md: raid5 personality registered for level 5
[    5.141317] md: raid4 personality registered for level 4
[    5.145352] md: raid10 personality registered for level 10
done.
Begin: Running /scripts/init-premount ... done.
Begin: Mounting root file system ... Begin: Running /scripts/local-top ... done.
Begin: Running /scripts/local-premount ... [    5.162442] Btrfs loaded
Scanning for Btrfs filesystems
done.
Warning: fsck not present, so skipping root file system
[    5.190310] EXT4-fs (sda1): mounted filesystem with ordered data mode. Opts: (null)
done.
Begin: Running /scripts/local-bottom ... done.
Begin: Running /scripts/init-bottom ... done.
[    5.239472] systemd[1]: systemd 229 running in system mode. (+PAM +AUDIT +SELINUX +IMA +APPARMOR +SMACK +SYSVINIT +UTMP +LIBCRYPTSETUP +GCRYPT +GNUTLS +ACL +XZ -LZ4 +SECCOMP +BLKID +ELFUTILS +KMOD -IDN)
[    5.241528] systemd[1]: Detected virtualization oracle.
[    5.242172] systemd[1]: Detected architecture x86-64.

Welcome to [1mUbuntu 16.04.7 LTS[0m!

[    5.244355] systemd[1]: Set hostname to <web01>.
[    5.320764] systemd[1]: Started Forward Password Requests to Wall Directory Watch.
[[0;32m  OK  [0m] Started Forward Password Requests to Wall Directory Watch.
[    5.322646] systemd[1]: Listening on udev Control Socket.
[[0;32m  OK  [0m] Listening on udev Control Socket.
[    5.323897] systemd[1]: Listening on /dev/initctl Compatibility Named Pipe.
[[0;32m  OK  [0m] Listening on /dev/initctl Compatibility Named Pipe.
[    5.325358] systemd[1]: Listening on LVM2 poll daemon socket.
[[0;32m  OK  [0m] Listening on LVM2 poll daemon socket.
[    5.326833] systemd[1]: Listening on Journal Socket.
[[0;32m  OK  [0m] Listening on Journal Socket.
[    5.327992] systemd[1]: Listening on LVM2 metadata daemon socket.
[[0;32m  OK  [0m] Listening on LVM2 metadata daemon socket.
[    5.329316] systemd[1]: Listening on Journal Socket (/dev/log).
[[0;32m  OK  [0m] Listening on Journal Socket (/dev/log).
[    5.330633] systemd[1]: Listening on Syslog Socket.
[[0;32m  OK  [0m] Listening on Syslog Socket.
[    5.331801] systemd[1]: Started Trigger resolvconf update for networkd DNS.
[[0;32m  OK  [0m] Started Trigger resolvconf update for networkd DNS.
[    5.333269] systemd[1]: Listening on udev Kernel Socket.
[[0;32m  OK  [0m] Listening on udev Kernel Socket.
[    5.334654] systemd[1]: Reached target Encrypted Volumes.
[[0;32m  OK  [0m] Reached target Encrypted Volumes.
[    5.335863] systemd[1]: Listening on fsck to fsckd communication Socket.
[[0;32m  OK  [0m] Listening on fsck to fsckd communication Socket.
[    5.337550] systemd[1]: Created slice System Slice.
[[0;32m  OK  [0m] Created slice System Slice.
[    5.350129] systemd[1]: Mounting POSIX Message Queue File System...
         Mounting POSIX Message Queue File System...
[    5.353056] systemd[1]: Starting Load Kernel Modules...
         Starting Load Kernel Modules...
[    5.355204] systemd[1]: Created slice system-serial\x2dgetty.slice.
[[0;32m  OK  [0m] Created slice system-serial\x2dgetty.slice.
[    5.357364] systemd[1]: Starting File System Check on Root Device...
         Starting File System Check on Root Device...
[    5.358727] systemd[1]: Reached target User and Group Name Lookups.
[[0;32m  OK  [0m] Reached target User and Group Name Lookups.
[    5.360173] systemd[1]: Reached target Swap.
[[0;32m  OK  [0m] Reached target Swap.
[    5.361562] systemd[1]: Starting Create list of required static device nodes for the current kernel...
    5.363045] Loading iSCSI transport class v2.0-870.
         Starting Create list of required st... nodes for the current kernel...
[    5.364263] systemd[1]: Reached target System Time Synchronized.
[[0;32m  OK  [0m] Reached target System Time Synchronized.
[    5.366787] systemd[1]: Starting Nameserver information manager...
         Starting Nameserver information manager...
[    5.368301] systemd[1]: Created slice User and Session Slice.
[[0;32m  OK  [0m] Created slice User and Session Slice.
[    5.370081] systemd[1]: Reached target Slices.
[[0;32m  OK  [0m] Reached target Slices.
[    5.371367] systemd[1]: Set up automount Arbitrary Executable File Formats File System Automount Point.
[    5.372764] iscsi: registered transport (tcp)
[[0;32m  OK  [0m] Set up automount Arbitrary Executab...ats File System Automount Point.
[    5.373866] systemd[1]: Listening on Journal Audit Socket.
[[0;32m  OK  [0m] Listening on Journal Audit Socket.
[    5.375291] systemd[1]: Listening on Device-mapper event daemon FIFOs.
[[0;32m  OK  [0m] Listening on Device-mapper event daemon FIFOs.
[    5.377469] systemd[1]: Starting Monitoring of LVM2 mirrors, snapshots etc. using dmeventd or progress polling...
         Starting Monitoring of LVM2 mirrors... dmeventd or progress polling...
[    5.381962] systemd[1]: Starting Uncomplicated firewall...
         Starting Uncomplicated firewall...
[    5.383800] systemd[1]: Starting Journal Service...
         Starting Journal Service...
[    5.385323] systemd[1]: Mounting Huge Pages File System...
         Mounting Huge Pages File System...
[    5.387349] systemd[1]: Mounting Debug File System...
         Mounting Debug File System...
[    5.389679] systemd[1]: Starting Set console keymap...
         Starting Set console keymap...
[    5.393097] systemd[1]: Mounted Huge Pages File System.
[[0;32m  OK  [0m] Mounted Huge Pages File System.
[    5.394299] systemd[1]: Mounted POSIX Message Queue File System.
[[0;32m  OK  [0m] Mounted POSIX Message Queue File System.
[    5.395710] systemd[1]: Mounted Debug File System.
[[0;32m  OK  [0m] Mounted Debug File System.
[    5.397106] systemd[1]: Started Create list of required static device nodes for the current kernel.
[[0;32m  OK  [0m] Started Create list of required sta...ce nodes for the current kernel.
[    5.400221] systemd[1]: Started Uncomplicated firewall.
[[0;32m  OK  [0m] Started Uncomplicated firewall.
[    5.401708] systemd[1]: Started Journal Service.
[[0;32m  OK  [0m] Started Journal Service.
[[0;32m  OK  [0m] Started Nameserver information manager.
[[0;32m  OK  [0m] Started File System Check Daemon to report status.
         Starting Create Static Device Nodes in /dev...
[[0;32m  OK  [0m] Started LVM2 metadata daemon.
[    5.410711] iscsi: registered transport (iser)
[[0;32m  OK  [0m] Started Load Kernel Modules.
         Mounting FUSE Control File System...
         Starting Apply Kernel Variables...
[[0;32m  OK  [0m] Mounted FUSE Control File System.
[[0;32m  OK  [0m] Started File System Check on Root Device.
         Starting Remount Root and Kernel File Systems...
[    5.418776] EXT4-fs (sda1): re-mounted. Opts: (null)
[[0;32m  OK  [0m] Started Remount Root and Kernel File Systems.
         Starting udev Coldplug all Devices...
         Starting Flush Journal to Persistent Storage...
         Starting Load/Save Random Seed...
[[0;32m  OK  [0m] Started Apply Kernel Variables.
[[0;32m  OK  [0m] Started Load/Save Random Seed.
[[0;32m  OK  [0m] Started Flush Journal to Persistent Storage.
[[0;32m  OK  [0m] Started Create Static Device Nodes in /dev.
         Starting udev Kernel Device Manager...
[[0;32m  OK  [0m] Started udev Kernel Device Manager.
[[0;32m  OK  [0m] Started udev Coldplug all Devices.
[[0;32m  OK  [0m] Started Set console keymap.
[[0;32m  OK  [0m] Started Dispatch Password Requests to Console Directory Watch.
[[0;32m  OK  [0m] Found device 82540EM Gigabit Ethern...r (PRO/1000 MT Desktop Adapter).
[[0;32m  OK  [0m] Found device 82540EM Gigabit Ethern...r (PRO/1000 MT Desktop Adapter).
[[0;32m  OK  [0m] Found device /dev/ttyS0.
[[0;32m  OK  [0m] Listening on Load/Save RF Kill Switch Status /dev/rfkill Watch.
[[0;32m  OK  [0m] Started Monitoring of LVM2 mirrors,...ng dmeventd or progress polling.
[[0;32m  OK  [0m] Reached target Local File Systems (Pre).
[[0;32m  OK  [0m] Reached target Local File Systems.
         Starting Create Volatile Files and Directories...
         Starting LSB: AppArmor initialization...
         Starting Tell Plymouth To Write Out Runtime Data...
         Starting Initial cloud-init job (pre-networking)...
         Starting Set console font and keymap...
[[0;32m  OK  [0m] Started Create Volatile Files and Directories.
         Starting Update UTMP about System Boot/Shutdown...
[[0;32m  OK  [0m] Started Update UTMP about System Boot/Shutdown.
[[0;32m  OK  [0m] Started Tell Plymouth To Write Out Runtime Data.
[[0;32m  OK  [0m] Started LSB: AppArmor initialization.
         Starting Load AppArmor profiles managed internally by snapd...
[[0;32m  OK  [0m] Started Load AppArmor profiles managed internally by snapd.
[[0;32m  OK  [0m] Started Set console font and keymap.
[[0;32m  OK  [0m] Created slice system-getty.slice.
[    6.318091] cloud-init[653]: Cloud-init v. 21.1-19-gbad84ad4-0ubuntu1~16.04.2 running 'init-local' at Mon, 24 Jul 2023 17:25:21 +0000. Up 6.14 seconds.
[[0;32m  OK  [0m] Started Initial cloud-init job (pre-networking).
[[0;32m  OK  [0m] Reached target Network (Pre).
         Starting Raise network interfaces...
[[0;32m  OK  [0m] Started ifup for enp0s3.
[[0;32m  OK  [0m] Started ifup for enp0s8.
[[0;32m  OK  [0m] Started Raise network interfaces.
         Starting Initial cloud-init job (metadata service crawler)...
[[0;32m  OK  [0m] Reached target Network.
[    6.878206] cloud-init[1079]: Cloud-init v. 21.1-19-gbad84ad4-0ubuntu1~16.04.2 running 'init' at Mon, 24 Jul 2023 17:25:21 +0000. Up 6.69 seconds.
[    6.884544] cloud-init[1079]: ci-info: ++++++++++++++++++++++++++++++++++++++Net device info+++++++++++++++++++++++++++++++++++++++
[    6.885561] cloud-init[1079]: ci-info: +--------+------+-----------------------------+---------------+--------+-------------------+
[    6.886541] cloud-init[1079]: ci-info: | Device |  Up  |           Address           |      Mask     | Scope  |     Hw-Address    |
[    6.887477] cloud-init[1079]: ci-info: +--------+------+-----------------------------+---------------+--------+-------------------+
[    6.888410] cloud-init[1079]: ci-info: | enp0s3 | True |          10.0.2.15          | 255.255.255.0 | global | 02:be:82:6b:cc:1d |
[    6.889312] cloud-init[1079]: ci-info: | enp0s3 | True |  fe80::be:82ff:fe6b:cc1d/64 |       .       |  link  | 02:be:82:6b:cc:1d |
[    6.890247] cloud-init[1079]: ci-info: | enp0s8 | True |        192.168.56.11        | 255.255.255.0 | global | 08:00:27:fb:ef:47 |
[    6.891144] cloud-init[1079]: ci-info: | enp0s8 | True | fe80::a00:27ff:fefb:ef47/64 |       .       |  link  | 08:00:27:fb:ef:47 |
[    6.892073] cloud-init[1079]: ci-info: |   lo   | True |          127.0.0.1          |   255.0.0.0   |  host  |         .         |
[    6.893096] cloud-init[1079]: ci-info: |   lo   | True |           ::1/128           |       .       |  host  |         .         |
[    6.893975] cloud-init[1079]: ci-info: +--------+------+-----------------------------+---------------+--------+-------------------+
[    6.894894] cloud-init[1079]: ci-info: ++++++++++++++++++++++++++++Route IPv4 info++++++++++++++++++++++++++++
[    6.895681] cloud-init[1079]: ci-info: +-------+--------------+----------+---------------+-----------+-------+
[    6.900404] cloud-init[1079]: ci-info: | Route | Destination  | Gateway  |    Genmask    | Interface | Flags |
[    6.901331] cloud-init[1079]: ci-info: +-------+--------------+----------+---------------+-----------+-------+
[    6.902264] cloud-init[1079]: ci-info: |   0   |   0.0.0.0    | 10.0.2.2 |    0.0.0.0    |   enp0s3  |   UG  |
[    6.903066] cloud-init[1079]: ci-info: |   1   |   10.0.2.0   | 0.0.0.0  | 255.255.255.0 |   enp0s3  |   U   |
[    6.903869] cloud-init[1079]: ci-info: |   2   | 192.168.56.0 | 0.0.0.0  | 255.255.255.0 |   enp0s8  |   U   |
[    6.904680] cloud-init[1079]: ci-info: +-------+--------------+----------+---------------+-----------+-------+
[    6.905500] cloud-init[1079]: ci-info: +++++++++++++++++++Route IPv6 info+++++++++++++++++++
[    6.906218] cloud-init[1079]: ci-info: +-------+-------------+---------+-----------+-------+
[    6.906973] cloud-init[1079]: ci-info: | Route | Destination | Gateway | Interface | Flags |
[    6.907711] cloud-init[1079]: ci-info: +-------+-------------+---------+-----------+-------+
[    6.908457] cloud-init[1079]: ci-info: |   0   |  fe80::/64  |    ::   |   enp0s8  |   U   |
[    6.909190] cloud-init[1079]: ci-info: |   1   |  fe80::/64  |    ::   |   enp0s3  |   U   |
[    6.909891] cloud-init[1079]: ci-info: |   4   |   ff00::/8  |    ::   |   enp0s8  |   U   |
[    6.910628] cloud-init[1079]: ci-info: |   5   |   ff00::/8  |    ::   |   enp0s3  |   U   |
[    6.911391] cloud-init[1079]: ci-info: +-------+-------------+---------+-----------+-------+
[[0;32m  OK  [0m] Started Initial cloud-init job (metadata service crawler).
[[0;32m  OK  [0m] Reached target System Initialization.
[[0;32m  OK  [0m] Started Ubuntu Advantage update messaging.
[[0;32m  OK  [0m] Listening on D-Bus System Message Bus Socket.
[[0;32m  OK  [0m] Started Daily Cleanup of Temporary Directories.
         Starting LXD - unix socket.
[[0;32m  OK  [0m] Listening on UUID daemon activation socket.
[[0;32m  OK  [0m] Listening on ACPID Listen Socket.
[[0;32m  OK  [0m] Started ACPI Events Check.
[[0;32m  OK  [0m] Reached target Paths.
[[0;32m  OK  [0m] Started Message of the Day.
[[0;32m  OK  [0m] Started Daily apt download activities.
         Starting Socket activation for snappy daemon.
[[0;32m  OK  [0m] Started Daily apt upgrade and clean activities.
[[0;32m  OK  [0m] Reached target Timers.
[[0;32m  OK  [0m] Reached target Cloud-config availability.
[[0;32m  OK  [0m] Reached target Network is Online.
         Starting iSCSI initiator daemon (iscsid)...
[[0;32m  OK  [0m] Listening on LXD - unix socket.
[[0;32m  OK  [0m] Listening on Socket activation for snappy daemon.
[[0;32m  OK  [0m] Reached target Sockets.
[[0;32m  OK  [0m] Reached target Basic System.
[[0;32m  OK  [0m] Started FUSE filesystem for LXC.
         Starting /etc/rc.local Compatibility...
         Starting Accounts Service...
         Starting Ubuntu Advantage APT and MOTD Messages...
         Starting Virtualbox guest utils...
[[0;32m  OK  [0m] Started Regular background program processing daemon.
         Starting A high performance web server and a reverse proxy server...
         Starting System Logging Service...
         Starting LSB: MD monitoring daemon...
[[0;32m  OK  [0m] Started D-Bus System Message Bus.
[[0;32m  OK  [0m] Started ACPI event daemon.
         Starting Login Service...
         Starting Message of the Day...
         Starting OpenBSD Secure Shell server...
         Starting LSB: Record successful boot for GRUB...
         Starting Snap Daemon...
[[0;32m  OK  [0m] Started Deferred execution scheduler.
         Starting LXD - container startup/shutdown...
[[0;32m  OK  [0m] Started System Logging Service.
[[0;32m  OK  [0m] Started /etc/rc.local Compatibility.
[[0;32m  OK  [0m] Started Message of the Day.
[[0;32m  OK  [0m] Started Login Service.
[[0;32m  OK  [0m] Started Unattended Upgrades Shutdown.
[[0;32m  OK  [0m] Started LSB: Record successful boot for GRUB.
[[0;32m  OK  [0m] Started iSCSI initiator daemon (iscsid).
         Starting Login to default iSCSI targets...
[[0;32m  OK  [0m] Started Login to default iSCSI targets.
[[0;32m  OK  [0m] Reached target Remote File Systems (Pre).
         Mounting /vagrant...
[[0;1;31mFAILED[0m] Failed to mount /vagrant.
See 'systemctl status vagrant.mount' for details.
[[0;1;33mDEPEND[0m] Dependency failed for Remote File Systems.
         Starting LSB: Set the CPU Frequency Scaling governor to "ondemand"...
         Starting LSB: daemon to balance interrupts for SMP systems...
         Starting LSB: automatic crash report generation...
         Starting Permit User Sessions...
[[0;32m  OK  [0m] Started LSB: MD monitoring daemon.
[[0;32m  OK  [0m] Started Permit User Sessions.
         Starting Hold until boot process finishes up...
         Starting Terminate Plymouth Boot Screen...
[[0;32m  OK  [0m] Started Hold until boot process finishes up.
[[0;32m  OK  [0m] Started Getty on tty1.
         Starting Set console scheme...
[[0;32m  OK  [0m] Started Serial Getty on ttyS0.
[[0;32m  OK  [0m] Reached target Login Prompts.
[[0;32m  OK  [0m] Started LSB: Set the CPU Frequency Scaling governor to "ondemand".
[[0;32m  OK  [0m] Started Set console scheme.
[[0;32m  OK  [0m] Started OpenBSD Secure Shell server.
[[0;32m  OK  [0m] Started LSB: automatic crash report generation.
[[0;32m  OK  [0m] Started LSB: daemon to balance interrupts for SMP systems.
[[0;32m  OK  [0m] Started Terminate Plymouth Boot Screen.
         Starting Authenticate and Authorize Users to Run Privileged Tasks...
[[0;32m  OK  [0m] Started A high performance web server and a reverse proxy server.
[[0;32m  OK  [0m] Started Virtualbox guest utils.
[[0;32m  OK  [0m] Started Authenticate and Authorize Users to Run Privileged Tasks.
[[0;32m  OK  [0m] Started Accounts Service.
[[0;32m  OK  [0m] Started LXD - container startup/shutdown.
[[0;32m  OK  [0m] Started Snap Daemon.
         Starting Wait until snapd is fully seeded...
[[0;32m  OK  [0m] Started Wait until snapd is fully seeded.
         Starting Apply the settings specified in cloud-config...
[[0;32m  OK  [0m] Reached target Multi-User System.
[[0;32m  OK  [0m] Reached target Graphical Interface.
         Starting Update UTMP about System Runlevel Changes...
[[0;32m  OK  [0m] Started Update UTMP about System Runlevel Changes.
[[0;32m  OK  [0m] Started Ubuntu Advantage APT and MOTD Messages.
[    7.568587] cloud-init[1359]: Cloud-init v. 21.1-19-gbad84ad4-0ubuntu1~16.04.2 running 'modules:config' at Mon, 24 Jul 2023 17:25:22 +0000. Up 7.49 seconds.
[[0;32m  OK  [0m] Started Apply the settings specified in cloud-config.
         Starting Execute cloud user/final scripts...
[    7.924755] cloud-init[1372]: Cloud-init v. 21.1-19-gbad84ad4-0ubuntu1~16.04.2 running 'modules:final' at Mon, 24 Jul 2023 17:25:22 +0000. Up 7.83 seconds.
[    7.925935] cloud-init[1372]: Cloud-init v. 21.1-19-gbad84ad4-0ubuntu1~16.04.2 finished at Mon, 24 Jul 2023 17:25:22 +0000. Datasource DataSourceNoCloud [seed=/dev/sdb][dsmode=net].  Up 7.92 seconds
[[0;32m  OK  [0m] Started Execute cloud user/final scripts.
         Starting Daily apt download activities...
[[0;32m  OK  [0m] Reached target Cloud-init target.

Ubuntu 16.04.7 LTS web01 ttyS0

web01 login: [[0;32m  OK  [0m] Started ACPI event daemon.
[[0;32m  OK  [0m] Started ACPI event daemon.
[[0;32m  OK  [0m] Started ACPI event daemon.
[[0;32m  OK  [0m] Started Daily apt upgrade and clean activities.
         Stopping ACPI event daemon...
[[0;32m  OK  [0m] Stopped target Timers.
[[0;32m  OK  [0m] Stopped Daily Cleanup of Temporary Directories.
         Stopping Authenticate and Authorize Users to Run Privileged Tasks...
[[0;32m  OK  [0m] Stopped target Cloud-init target.
[[0;32m  OK  [0m] Stopped Execute cloud user/final scripts.
[[0;32m  OK  [0m] Stopped Apply the settings specified in cloud-config.
[[0;32m  OK  [0m] Stopped target Cloud-config availability.
[[0;32m  OK  [0m] Stopped Ubuntu Advantage update messaging.
[[0;32m  OK  [0m] Closed Load/Save RF Kill Switch Status /dev/rfkill Watch.
[[0;32m  OK  [0m] Stopped Message of the Day.
         Stopping Session 3 of user vagrant.
         Stopping User Manager for UID 1000...
         Unmounting /vagrant...
[[0;32m  OK  [0m] Stopped Daily apt upgrade and clean activities.
[[0;32m  OK  [0m] Stopped Daily apt download activities.
[[0;32m  OK  [0m] Stopped target System Time Synchronized.
[[0;32m  OK  [0m] Stopped target Graphical Interface.
         Stopping Accounts Service...
[[0;32m  OK  [0m] Stopped target Multi-User System.
         Stopping FUSE filesystem for LXC...
         Stopping Regular background program processing daemon...
         Stopping OpenBSD Secure Shell server...
         Stopping LSB: automatic crash report generation...
         Stopping A high performance web server and a reverse proxy server...
         Stopping Deferred execution scheduler...
         Stopping Virtualbox guest utils...
         Stopping System Logging Service...
         Stopping LSB: daemon to balance interrupts for SMP systems...
         Stopping D-Bus System Message Bus...
[[0;32m  OK  [0m] Stopped Wait until snapd is fully seeded.
         Stopping LXD - container startup/shutdown...
         Stopping LSB: Record successful boot for GRUB...
[[0;32m  OK  [0m] Stopped target Login Prompts.
         Stopping Getty on tty1...
         Stopping Serial Getty on ttyS0...
         Stopping LSB: Set the CPU Frequency Scaling governor to "ondemand"...
         Stopping LSB: MD monitoring daemon...
[[0;32m  OK  [0m] Unmounted /var/lib/lxcfs.
[[0;32m  OK  [0m] Stopped Accounts Service.
[[0;32m  OK  [0m] Stopped Regular background program processing daemon.
[[0;32m  OK  [0m] Stopped System Logging Service.
[[0;32m  OK  [0m] Stopped Deferred execution scheduler.
[[0;32m  OK  [0m] Stopped Getty on tty1.
[[0;32m  OK  [0m] Stopped Serial Getty on ttyS0.
[[0;32m  OK  [0m] Stopped OpenBSD Secure Shell server.
[[0;32m  OK  [0m] Stopped Authenticate and Authorize Users to Run Privileged Tasks.
[[0;32m  OK  [0m] Stopped User Manager for UID 1000.
[[0;32m  OK  [0m] Unmounted /vagrant.
[[0;32m  OK  [0m] Stopped Session 3 of user vagrant.
[[0;32m  OK  [0m] Stopped D-Bus System Message Bus.
[[0;32m  OK  [0m] Stopped FUSE filesystem for LXC.
[[0;32m  OK  [0m] Stopped A high performance web server and a reverse proxy server.
[[0;32m  OK  [0m] Stopped LSB: daemon to balance interrupts for SMP systems.
[[0;32m  OK  [0m] Stopped LSB: Set the CPU Frequency Scaling governor to "ondemand".
[[0;32m  OK  [0m] Stopped ACPI event daemon.
[[0;32m  OK  [0m] Stopped LXD - container startup/shutdown.
[[0;32m  OK  [0m] Stopped LSB: Record successful boot for GRUB.
[[0;32m  OK  [0m] Stopped LSB: automatic crash report generation.
[[0;32m  OK  [0m] Stopped LSB: MD monitoring daemon.
[[0;32m  OK  [0m] Stopped target Remote File Systems (Pre).
         Stopping Login to default iSCSI targets...
[[0;32m  OK  [0m] Removed slice User Slice of vagrant.
         Stopping Login Service...
[[0;32m  OK  [0m] Removed slice system-serial\x2dgetty.slice.
         Stopping Permit User Sessions...
[[0;32m  OK  [0m] Stopped /etc/rc.local Compatibility.
[[0;32m  OK  [0m] Removed slice system-getty.slice.
[[0;32m  OK  [0m] Stopped Virtualbox guest utils.
[[0;32m  OK  [0m] Stopped Permit User Sessions.
[[0;32m  OK  [0m] Stopped Login to default iSCSI targets.
         Stopping iSCSI initiator daemon (iscsid)...
[[0;32m  OK  [0m] Stopped iSCSI initiator daemon (iscsid).
[[0;32m  OK  [0m] Stopped target Network is Online.
[[0;32m  OK  [0m] Stopped target Network.
[[0;32m  OK  [0m] Stopped Login Service.
[[0;32m  OK  [0m] Stopped target Basic System.
[[0;32m  OK  [0m] Stopped target Paths.
[[0;32m  OK  [0m] Stopped Forward Password Requests to Wall Directory Watch.
[[0;32m  OK  [0m] Stopped ACPI Events Check.
[[0;32m  OK  [0m] Stopped Dispatch Password Requests to Console Directory Watch.
[[0;32m  OK  [0m] Stopped target Slices.
[[0;32m  OK  [0m] Removed slice User and Session Slice.
[[0;32m  OK  [0m] Stopped target Sockets.
[[0;32m  OK  [0m] Closed Socket activation for snappy daemon.
[[0;32m  OK  [0m] Closed D-Bus System Message Bus Socket.
[[0;32m  OK  [0m] Closed LXD - unix socket.
[[0;32m  OK  [0m] Closed ACPID Listen Socket.
[[0;32m  OK  [0m] Closed UUID daemon activation socket.
[[0;32m  OK  [0m] Closed Syslog Socket.
[[0;32m  OK  [0m] Stopped target System Initialization.
[[0;32m  OK  [0m] Stopped target Swap.
[[0;32m  OK  [0m] Stopped target Encrypted Volumes.
[[0;32m  OK  [0m] Stopped Create Volatile Files and Directories.
[[0;32m  OK  [0m] Stopped Initial cloud-init job (metadata service crawler).
         Stopping Raise network interfaces...
         Stopping Load/Save Random Seed...
[[0;32m  OK  [0m] Stopped target User and Group Name Lookups.
[[0;32m  OK  [0m] Stopped Load/Save Random Seed.
[[0;32m  OK  [0m] Stopped Raise network interfaces.
[[0;32m  OK  [0m] Stopped target Network (Pre).
[[0;32m  OK  [0m] Stopped Initial cloud-init job (pre-networking).
[[0;32m  OK  [0m] Stopped target Local File Systems.
         Unmounting /run/user/1000...
[[0;32m  OK  [0m] Stopped Apply Kernel Variables.
[[0;32m  OK  [0m] Stopped Load Kernel Modules.
[[0;32m  OK  [0m] Unmounted /run/user/1000.
[[0;32m  OK  [0m] Reached target Unmount All Filesystems.
[[0;32m  OK  [0m] Stopped target Local File Systems (Pre).
[[0;32m  OK  [0m] Stopped Create Static Device Nodes in /dev.
[[0;32m  OK  [0m] Stopped Remount Root and Kernel File Systems.
[[0;32m  OK  [0m] Reached target Shutdown.
[   99.273255] reboot: Power down
